app/build/outputs/logs/manifest-merger-debug-report.txt
-- Merging decision tree log ---
manifest
ADDED from src/main/AndroidManifest.xml:1:1-63:12
	package
		ADDED from src/main/AndroidManifest.xml:1:70-93
		INJECTED from src/main/AndroidManifest.xml
		INJECTED from src/main/AndroidManifest.xml
	android:versionName
		INJECTED from src/main/AndroidManifest.xml
		INJECTED from src/main/AndroidManifest.xml
	xmlns:android
		ADDED from src/main/AndroidManifest.xml:1:11-69
	android:versionCode
		INJECTED from src/main/AndroidManifest.xml
		INJECTED from src/main/AndroidManifest.xml
uses-permission#android.permission.INTERNET
ADDED from src/main/AndroidManifest.xml:2:5-67
MERGED from [UNotes:evernote-sdk:unspecified] AndroidManifest.xml:11:5-67
	android:name
		ADDED from src/main/AndroidManifest.xml:2:22-64
uses-permission#android.permission.ACCESS_WIFI_STATE
ADDED from src/main/AndroidManifest.xml:3:5-76
	android:name
		ADDED from src/main/AndroidManifest.xml:3:22-73
uses-permission#android.permission.ACCESS_NETWORK_STATE
ADDED from src/main/AndroidManifest.xml:4:5-79
	android:name
		ADDED from src/main/AndroidManifest.xml:4:22-76
uses-permission#android.permission.READ_PHONE_STATE
ADDED from src/main/AndroidManifest.xml:5:5-74
	android:name
		ADDED from src/main/AndroidManifest.xml:5:22-72
uses-permission#android.permission.WRITE_EXTERNAL_STORAGE
ADDED from src/main/AndroidManifest.xml:6:5-80
	android:name
		ADDED from src/main/AndroidManifest.xml:6:22-78
application
ADDED from src/main/AndroidManifest.xml:7:5-61:19
MERGED from [com.android.support:cardview-v7:23.1.1] AndroidManifest.xml:22:5-20
MERGED from [com.android.support:design:23.1.1] AndroidManifest.xml:22:5-20
MERGED from [com.android.support:appcompat-v7:23.1.1] AndroidManifest.xml:22:5-20
MERGED from [com.android.support:support-v4:23.1.1] AndroidManifest.xml:22:5-20
MERGED from [UNotes:orm-library:unspecified] AndroidManifest.xml:11:5-14:19
MERGED from [UNotes:evernote-sdk:unspecified] AndroidManifest.xml:13:5-16:19
MERGED from [com.pnikosis:materialish-progress:1.5] AndroidManifest.xml:11:5-20
MERGED from [com.balysv:material-ripple:1.0.2] AndroidManifest.xml:12:5-20
	android:label
		ADDED from src/main/AndroidManifest.xml:10:9-41
	android:allowBackup
		ADDED from src/main/AndroidManifest.xml:9:9-35
	android:icon
		ADDED from src/main/AndroidManifest.xml:11:9-43
	android:theme
		ADDED from src/main/AndroidManifest.xml:12:9-40
	android:name
		ADDED from src/main/AndroidManifest.xml:8:9-41
activity#com.uos.notes.ui.MainActivity
ADDED from src/main/AndroidManifest.xml:14:9-29:20
	android:screenOrientation
		ADDED from src/main/AndroidManifest.xml:18:13-49
	android:launchMode
		ADDED from src/main/AndroidManifest.xml:16:13-43
	android:windowSoftInputMode
		ADDED from src/main/AndroidManifest.xml:17:13-67
	android:name
		ADDED from src/main/AndroidManifest.xml:15:13-57
meta-data#android.app.searchable
ADDED from src/main/AndroidManifest.xml:19:13-21:54
	android:resource
		ADDED from src/main/AndroidManifest.xml:21:17-51
	android:name
		ADDED from src/main/AndroidManifest.xml:20:17-54
intent-filter#android.intent.action.MAIN+android.intent.category.LAUNCHER
ADDED from src/main/AndroidManifest.xml:22:13-25:29
action#android.intent.action.MAIN
ADDED from src/main/AndroidManifest.xml:23:17-68
	android:name
		ADDED from src/main/AndroidManifest.xml:23:25-66
category#android.intent.category.LAUNCHER
ADDED from src/main/AndroidManifest.xml:24:17-76
	android:name
		ADDED from src/main/AndroidManifest.xml:24:27-74
intent-filter#android.intent.action.SEARCH
ADDED from src/main/AndroidManifest.xml:26:13-28:29
action#android.intent.action.SEARCH
ADDED from src/main/AndroidManifest.xml:27:17-71
	android:name
		ADDED from src/main/AndroidManifest.xml:27:25-68
activity#com.uos.notes.ui.SettingActivity
ADDED from src/main/AndroidManifest.xml:30:9-34:20
	android:screenOrientation
		ADDED from src/main/AndroidManifest.xml:32:13-49
	android:launchMode
		ADDED from src/main/AndroidManifest.xml:33:13-43
	android:name
		ADDED from src/main/AndroidManifest.xml:31:13-60
activity#com.uos.notes.ui.NoteActivity
ADDED from src/main/AndroidManifest.xml:36:9-42:20
	android:screenOrientation
		ADDED from src/main/AndroidManifest.xml:40:13-49
	android:launchMode
		ADDED from src/main/AndroidManifest.xml:38:13-43
	android:windowSoftInputMode
		ADDED from src/main/AndroidManifest.xml:39:13-55
	android:name
		ADDED from src/main/AndroidManifest.xml:37:13-57
activity#com.uos.notes.ui.AboutActivity
ADDED from src/main/AndroidManifest.xml:43:9-47:20
	android:screenOrientation
		ADDED from src/main/AndroidManifest.xml:46:13-49
	android:launchMode
		ADDED from src/main/AndroidManifest.xml:45:13-43
	android:name
		ADDED from src/main/AndroidManifest.xml:44:13-58
activity#com.uos.notes.ui.PayActivity
ADDED from src/main/AndroidManifest.xml:49:9-53:20
	android:screenOrientation
		ADDED from src/main/AndroidManifest.xml:52:13-49
	android:launchMode
		ADDED from src/main/AndroidManifest.xml:51:13-43
	android:name
		ADDED from src/main/AndroidManifest.xml:50:13-56
activity#com.uos.notes.ui.ShadowActivity
ADDED from src/main/AndroidManifest.xml:54:9-57:75
	android:launchMode
		ADDED from src/main/AndroidManifest.xml:56:13-43
	android:theme
		ADDED from src/main/AndroidManifest.xml:57:13-72
	android:name
		ADDED from src/main/AndroidManifest.xml:55:13-59
activity#com.evernote.client.android.EvernoteOAuthActivity
ADDED from src/main/AndroidManifest.xml:59:9-86
MERGED from [UNotes:evernote-sdk:unspecified] AndroidManifest.xml:14:9-86
	android:name
		ADDED from src/main/AndroidManifest.xml:59:19-83
activity#com.evernote.client.android.login.EvernoteLoginActivity
ADDED from src/main/AndroidManifest.xml:60:9-91
MERGED from [UNotes:evernote-sdk:unspecified] AndroidManifest.xml:15:9-92
	android:name
		ADDED from src/main/AndroidManifest.xml:60:19-89
uses-sdk
INJECTED from src/main/AndroidManifest.xml reason: use-sdk injection requested
MERGED from [com.android.support:cardview-v7:23.1.1] AndroidManifest.xml:20:5-43
MERGED from [com.android.support:design:23.1.1] AndroidManifest.xml:20:5-43
MERGED from [com.android.support:appcompat-v7:23.1.1] AndroidManifest.xml:20:5-43
MERGED from [com.android.support:support-v4:23.1.1] AndroidManifest.xml:20:5-43
MERGED from [com.android.support:recyclerview-v7:23.1.1] AndroidManifest.xml:20:5-43
MERGED from [com.rengwuxian.materialedittext:library:2.1.3] AndroidManifest.xml:6:5-8:41
MERGED from [io.reactivex:rxandroid:1.0.1] AndroidManifest.xml:19:5-43
MERGED from [UNotes:orm-library:unspecified] AndroidManifest.xml:7:5-9:41
MERGED from [UNotes:evernote-sdk:unspecified] AndroidManifest.xml:7:5-9:41
MERGED from [net.vrallev.android:android-task:1.0.4] AndroidManifest.xml:7:5-9:41
MERGED from [com.pnikosis:materialish-progress:1.5] AndroidManifest.xml:7:5-9:41
MERGED from [UNotes:md-preference:unspecified] AndroidManifest.xml:8:5-10:41
MERGED from [com.balysv:material-ripple:1.0.2] AndroidManifest.xml:8:5-10:41
	android:targetSdkVersion
		INJECTED from src/main/AndroidManifest.xml
		INJECTED from src/main/AndroidManifest.xml
	android:minSdkVersion
		INJECTED from src/main/AndroidManifest.xml
		INJECTED from src/main/AndroidManifest.xml